<?xml version="1.0" encoding="UTF-8"?>
<!-- Generated by org.testng.reporters.JUnitReportReporter -->
<testsuite skipped="0" hostname="SR-C02ZM0XQLVDQ" name="audienceAppUATTestRunner.AudienceAppUAT_LogIn_001_TestRunner" tests="1" failures="0" timestamp="2020-04-29T14:35:23 MDT" time="6.288" errors="0">
  <testcase name="feature" time="6.288" classname="audienceAppUATTestRunner.AudienceAppUAT_LogIn_001_TestRunner"/>
</testsuite> <!-- audienceAppUATTestRunner.AudienceAppUAT_LogIn_001_TestRunner -->
